1 
Sum = 2
2 
Sum = 4
1 2 
Sum = 6
9 
Sum = 9
10 
Sum = 10
1 9 
Sum = 11
1 10 
Sum = 12
5 
Sum = 12
2 9 
Sum = 13
1 5 
Sum = 14
2 10 
Sum = 14
1 2 9 
Sum = 15
1 2 10 
Sum = 16
2 5 
Sum = 16
1 2 5 
Sum = 18
9 10 
Sum = 19
4 
Sum = 20
1 9 10 
Sum = 21
5 9 
Sum = 21
1 4 
Sum = 22
5 10 
Sum = 22
1 5 9 
Sum = 23
2 9 10 
Sum = 23
1 5 10 
Sum = 24
2 4 
Sum = 24
1 2 9 10 
Sum = 25
2 5 9 
Sum = 25
1 2 4 
Sum = 26
2 5 10 
Sum = 26
1 2 5 9 
Sum = 27
1 2 5 10 
Sum = 28
4 9 
Sum = 29
4 10 
Sum = 30
1 4 9 
Sum = 31
5 9 10 
Sum = 31
6 
Sum = 31
1 4 10 
Sum = 32
4 5 
Sum = 32
1 5 9 10 
Sum = 33
1 6 
Sum = 33
2 4 9 
Sum = 33
1 4 5 
Sum = 34
2 4 10 
Sum = 34
8 
Sum = 34
1 2 4 9 
Sum = 35
2 5 9 10 
Sum = 35
2 6 
Sum = 35
1 2 4 10 
Sum = 36
1 8 
Sum = 36
2 4 5 
Sum = 36
1 2 5 9 10 
Sum = 37
1 2 6 
Sum = 37
1 2 4 5 
Sum = 38
2 8 
Sum = 38
4 9 10 
Sum = 39
1 2 8 
Sum = 40
6 9 
Sum = 40
1 4 9 10 
Sum = 41
4 5 9 
Sum = 41
6 10 
Sum = 41
1 6 9 
Sum = 42
4 5 10 
Sum = 42
1 4 5 9 
Sum = 43
1 6 10 
Sum = 43
2 4 9 10 
Sum = 43
5 6 
Sum = 43
8 9 
Sum = 43
1 4 5 10 
Sum = 44
2 6 9 
Sum = 44
7 
Sum = 44
8 10 
Sum = 44
1 2 4 9 10 
Sum = 45
1 5 6 
Sum = 45
1 8 9 
Sum = 45
2 4 5 9 
Sum = 45
2 6 10 
Sum = 45
1 2 6 9 
Sum = 46
1 7 
Sum = 46
1 8 10 
Sum = 46
2 4 5 10 
Sum = 46
5 8 
Sum = 46
1 2 4 5 9 
Sum = 47
1 2 6 10 
Sum = 47
2 5 6 
Sum = 47
2 8 9 
Sum = 47
1 2 4 5 10 
Sum = 48
1 5 8 
Sum = 48
2 7 
Sum = 48
2 8 10 
Sum = 48
1 2 5 6 
Sum = 49
1 2 8 9 
Sum = 49
1 2 7 
Sum = 50
1 2 8 10 
Sum = 50
2 5 8 
Sum = 50
6 9 10 
Sum = 50
4 5 9 10 
Sum = 51
4 6 
Sum = 51
1 2 5 8 
Sum = 52
1 6 9 10 
Sum = 52
5 6 9 
Sum = 52
1 4 5 9 10 
Sum = 53
1 4 6 
Sum = 53
5 6 10 
Sum = 53
7 9 
Sum = 53
8 9 10 
Sum = 53
1 5 6 9 
Sum = 54
2 6 9 10 
Sum = 54
4 8 
Sum = 54
7 10 
Sum = 54
1 5 6 10 
Sum = 55
1 7 9 
Sum = 55
1 8 9 10 
Sum = 55
2 4 5 9 10 
Sum = 55
2 4 6 
Sum = 55
5 8 9 
Sum = 55
1 2 6 9 10 
Sum = 56
1 4 8 
Sum = 56
1 7 10 
Sum = 56
2 5 6 9 
Sum = 56
5 7 
Sum = 56
5 8 10 
Sum = 56
1 2 4 5 9 10 
Sum = 57
1 2 4 6 
Sum = 57
1 5 8 9 
Sum = 57
2 5 6 10 
Sum = 57
2 7 9 
Sum = 57
2 8 9 10 
Sum = 57
1 2 5 6 9 
Sum = 58
1 5 7 
Sum = 58
1 5 8 10 
Sum = 58
2 4 8 
Sum = 58
2 7 10 
Sum = 58
1 2 5 6 10 
Sum = 59
1 2 7 9 
Sum = 59
1 2 8 9 10 
Sum = 59
2 5 8 9 
Sum = 59
1 2 4 8 
Sum = 60
1 2 7 10 
Sum = 60
2 5 7 
Sum = 60
2 5 8 10 
Sum = 60
4 6 9 
Sum = 60
1 2 5 8 9 
Sum = 61
4 6 10 
Sum = 61
1 2 5 7 
Sum = 62
1 2 5 8 10 
Sum = 62
1 4 6 9 
Sum = 62
5 6 9 10 
Sum = 62
1 4 6 10 
Sum = 63
3 
Sum = 63
4 5 6 
Sum = 63
4 8 9 
Sum = 63
7 9 10 
Sum = 63
1 5 6 9 10 
Sum = 64
2 4 6 9 
Sum = 64
4 7 
Sum = 64
4 8 10 
Sum = 64
1 3 
Sum = 65
1 4 5 6 
Sum = 65
1 4 8 9 
Sum = 65
1 7 9 10 
Sum = 65
2 4 6 10 
Sum = 65
5 7 9 
Sum = 65
5 8 9 10 
Sum = 65
6 8 
Sum = 65
1 2 4 6 9 
Sum = 66
1 4 7 
Sum = 66
1 4 8 10 
Sum = 66
2 5 6 9 10 
Sum = 66
4 5 8 
Sum = 66
5 7 10 
Sum = 66
1 2 4 6 10 
Sum = 67
1 5 7 9 
Sum = 67
1 5 8 9 10 
Sum = 67
1 6 8 
Sum = 67
2 3 
Sum = 67
2 4 5 6 
Sum = 67
2 4 8 9 
Sum = 67
2 7 9 10 
Sum = 67
1 2 5 6 9 10 
Sum = 68
1 4 5 8 
Sum = 68
1 5 7 10 
Sum = 68
2 4 7 
Sum = 68
2 4 8 10 
Sum = 68
1 2 3 
Sum = 69
1 2 4 5 6 
Sum = 69
1 2 4 8 9 
Sum = 69
1 2 7 9 10 
Sum = 69
2 5 7 9 
Sum = 69
2 5 8 9 10 
Sum = 69
2 6 8 
Sum = 69
1 2 4 7 
Sum = 70
1 2 4 8 10 
Sum = 70
2 4 5 8 
Sum = 70
2 5 7 10 
Sum = 70
4 6 9 10 
Sum = 70
1 2 5 7 9 
Sum = 71
1 2 5 8 9 10 
Sum = 71
1 2 6 8 
Sum = 71
1 2 4 5 8 
Sum = 72
1 2 5 7 10 
Sum = 72
1 4 6 9 10 
Sum = 72
3 9 
Sum = 72
4 5 6 9 
Sum = 72
3 10 
Sum = 73
4 5 6 10 
Sum = 73
4 7 9 
Sum = 73
4 8 9 10 
Sum = 73
1 3 9 
Sum = 74
1 4 5 6 9 
Sum = 74
2 4 6 9 10 
Sum = 74
4 7 10 
Sum = 74
6 8 9 
Sum = 74
1 3 10 
Sum = 75
1 4 5 6 10 
Sum = 75
1 4 7 9 
Sum = 75
1 4 8 9 10 
Sum = 75
3 5 
Sum = 75
4 5 8 9 
Sum = 75
5 7 9 10 
Sum = 75
6 7 
Sum = 75
6 8 10 
Sum = 75
1 2 4 6 9 10 
Sum = 76
1 4 7 10 
Sum = 76
1 6 8 9 
Sum = 76
2 3 9 
Sum = 76
2 4 5 6 9 
Sum = 76
4 5 7 
Sum = 76
4 5 8 10 
Sum = 76
1 3 5 
Sum = 77
1 4 5 8 9 
Sum = 77
1 5 7 9 10 
Sum = 77
1 6 7 
Sum = 77
1 6 8 10 
Sum = 77
2 3 10 
Sum = 77
2 4 5 6 10 
Sum = 77
2 4 7 9 
Sum = 77
2 4 8 9 10 
Sum = 77
5 6 8 
Sum = 77
1 2 3 9 
Sum = 78
1 2 4 5 6 9 
Sum = 78
1 4 5 7 
Sum = 78
1 4 5 8 10 
Sum = 78
2 4 7 10 
Sum = 78
2 6 8 9 
Sum = 78
7 8 
Sum = 78
1 2 3 10 
Sum = 79
1 2 4 5 6 10 
Sum = 79
1 2 4 7 9 
Sum = 79
1 2 4 8 9 10 
Sum = 79
1 5 6 8 
Sum = 79
2 3 5 
Sum = 79
2 4 5 8 9 
Sum = 79
2 5 7 9 10 
Sum = 79
2 6 7 
Sum = 79
2 6 8 10 
Sum = 79
1 2 4 7 10 
Sum = 80
1 2 6 8 9 
Sum = 80
1 7 8 
Sum = 80
2 4 5 7 
Sum = 80
2 4 5 8 10 
Sum = 80
1 2 3 5 
Sum = 81
1 2 4 5 8 9 
Sum = 81
1 2 5 7 9 10 
Sum = 81
1 2 6 7 
Sum = 81
1 2 6 8 10 
Sum = 81
2 5 6 8 
Sum = 81
1 2 4 5 7 
Sum = 82
1 2 4 5 8 10 
Sum = 82
2 7 8 
Sum = 82
3 9 10 
Sum = 82
4 5 6 9 10 
Sum = 82
1 2 5 6 8 
Sum = 83
3 4 
Sum = 83
4 7 9 10 
Sum = 83
1 2 7 8 
Sum = 84
1 3 9 10 
Sum = 84
1 4 5 6 9 10 
Sum = 84
3 5 9 
Sum = 84
6 7 9 
Sum = 84
6 8 9 10 
Sum = 84
1 3 4 
Sum = 85
1 4 7 9 10 
Sum = 85
3 5 10 
Sum = 85
4 5 7 9 
Sum = 85
4 5 8 9 10 
Sum = 85
4 6 8 
Sum = 85
6 7 10 
Sum = 85
1 3 5 9 
Sum = 86
1 6 7 9 
Sum = 86
1 6 8 9 10 
Sum = 86
2 3 9 10 
Sum = 86
2 4 5 6 9 10 
Sum = 86
4 5 7 10 
Sum = 86
5 6 8 9 
Sum = 86
1 3 5 10 
Sum = 87
1 4 5 7 9 
Sum = 87
1 4 5 8 9 10 
Sum = 87
1 4 6 8 
Sum = 87
1 6 7 10 
Sum = 87
2 3 4 
Sum = 87
2 4 7 9 10 
Sum = 87
5 6 7 
Sum = 87
5 6 8 10 
Sum = 87
7 8 9 
Sum = 87
1 2 3 9 10 
Sum = 88
1 2 4 5 6 9 10 
Sum = 88
1 4 5 7 10 
Sum = 88
1 5 6 8 9 
Sum = 88
2 3 5 9 
Sum = 88
2 6 7 9 
Sum = 88
2 6 8 9 10 
Sum = 88
7 8 10 
Sum = 88
1 2 3 4 
Sum = 89
1 2 4 7 9 10 
Sum = 89
1 5 6 7 
Sum = 89
1 5 6 8 10 
Sum = 89
1 7 8 9 
Sum = 89
2 3 5 10 
Sum = 89
2 4 5 7 9 
Sum = 89
2 4 5 8 9 10 
Sum = 89
2 4 6 8 
Sum = 89
2 6 7 10 
Sum = 89
1 2 3 5 9 
Sum = 90
1 2 6 7 9 
Sum = 90
1 2 6 8 9 10 
Sum = 90
1 7 8 10 
Sum = 90
2 4 5 7 10 
Sum = 90
2 5 6 8 9 
Sum = 90
5 7 8 
Sum = 90
